[06:49:40][MASTER] [NOTICE] MineJS has activated: 5208
[06:49:41][5218] [NOTICE] instance is started
[06:49:41][5237] [NOTICE] instance is started
[06:49:41][5225] [NOTICE] instance is started
[06:49:41][5231] [NOTICE] instance is started
[06:49:41][5250] [NOTICE] instance is started
[06:49:41][5243] [NOTICE] instance is started
[06:49:41][5224] [NOTICE] instance is started
[06:49:41][5249] [NOTICE] instance is started
[06:49:42][MASTER] [NOTICE] IP Address: 130.211.250.203
[06:50:11][MASTER] [NOTICE] MineJS has activated: 5277
[06:50:12][5290] [NOTICE] instance is started
[06:50:12][5302] [NOTICE] instance is started
[06:50:12][5308] [NOTICE] instance is started
[06:50:12][5296] [NOTICE] instance is started
[06:50:12][5320] [NOTICE] instance is started
[06:50:12][5314] [NOTICE] instance is started
[06:50:12][5289] [NOTICE] instance is started
[06:50:12][5326] [NOTICE] instance is started
[06:50:13][MASTER] [NOTICE] IP Address: 130.211.250.203
[06:51:20][MASTER] [NOTICE] MineJS has activated: 5349
[06:51:21][5359] [NOTICE] instance is started
[06:51:21][5379] [NOTICE] instance is started
[06:51:21][5365] [NOTICE] instance is started
[06:51:21][5371] [NOTICE] instance is started
[06:51:21][5372] [NOTICE] instance is started
[06:51:21][5378] [NOTICE] instance is started
[06:51:21][5396] [NOTICE] instance is started
[06:51:21][5390] [NOTICE] instance is started
[06:51:22][MASTER] [NOTICE] IP Address: 130.211.250.203
[06:51:36][MASTER] [NOTICE] MineJS has activated: 5418
[06:51:36][5434] [NOTICE] instance is started
[06:51:36][5442] [NOTICE] instance is started
[06:51:36][5435] [NOTICE] instance is started
[06:51:36][5428] [NOTICE] instance is started
[06:51:36][5441] [NOTICE] instance is started
[06:51:37][5459] [NOTICE] instance is started
[06:51:37][5458] [NOTICE] instance is started
[06:51:37][5465] [NOTICE] instance is started
[06:51:37][MASTER] [NOTICE] IP Address: 130.211.250.203
[06:52:20][MASTER] [NOTICE] MineJS has activated: 5495
[06:52:22][5511] [NOTICE] instance is started
[06:52:22][5517] [NOTICE] instance is started
[06:52:22][5505] [NOTICE] instance is started
[06:52:22][5524] [NOTICE] instance is started
[06:52:22][5542] [NOTICE] instance is started
[06:52:22][5530] [NOTICE] instance is started
[06:52:22][5518] [NOTICE] instance is started
[06:52:22][5536] [NOTICE] instance is started
[06:52:23][MASTER] [NOTICE] IP Address: 130.211.250.203
[06:52:35][MASTER] [NOTICE] MineJS has activated: 5559
[06:52:36][5575] [NOTICE] instance is started
[06:52:36][5576] [NOTICE] instance is started
[06:52:36][5569] [NOTICE] instance is started
[06:52:36][5593] [NOTICE] instance is started
[06:52:36][5582] [NOTICE] instance is started
[06:52:36][5594] [NOTICE] instance is started
[06:52:36][5600] [NOTICE] instance is started
[06:52:36][5611] [NOTICE] instance is started
[06:52:37][MASTER] [NOTICE] IP Address: 130.211.250.203
[06:53:13][MASTER] [NOTICE] MineJS has activated: 5623
[06:53:14][5633] [NOTICE] instance is started
[06:53:14][5640] [NOTICE] instance is started
[06:53:14][5658] [NOTICE] instance is started
[06:53:14][5639] [NOTICE] instance is started
[06:53:14][5651] [NOTICE] instance is started
[06:53:15][5669] [NOTICE] instance is started
[06:53:15][5652] [NOTICE] instance is started
[06:53:15][5675] [NOTICE] instance is started
[06:53:15][MASTER] [NOTICE] IP Address: 130.211.250.203
[07:11:23][MASTER] [NOTICE] MineJS has activated: 5701
[07:11:24][5717] [NOTICE] instance is started
[07:11:24][5718] [NOTICE] instance is started
[07:11:24][5737] [NOTICE] instance is started
[07:11:25][5748] [NOTICE] instance is started
[07:11:25][5711] [NOTICE] instance is started
[07:11:25][5730] [NOTICE] instance is started
[07:11:25][5724] [NOTICE] instance is started
[07:11:25][5731] [NOTICE] instance is started
[07:11:26][MASTER] [NOTICE] IP Address: 130.211.250.203
[07:11:46][MASTER] [NOTICE] MineJS has activated: 5766
[07:11:47][5794] [NOTICE] instance is started
[07:11:47][5782] [NOTICE] instance is started
[07:11:47][5776] [NOTICE] instance is started
[07:11:48][5783] [NOTICE] instance is started
[07:11:48][5806] [NOTICE] instance is started
[07:11:48][5813] [NOTICE] instance is started
[07:11:48][5807] [NOTICE] instance is started
[07:11:48][5795] [NOTICE] instance is started
[07:11:48][MASTER] [NOTICE] IP Address: 130.211.250.203
[07:12:09][MASTER] [NOTICE] MineJS has activated: 5830
[07:12:10][5865] [NOTICE] instance is started
[07:12:10][5840] [NOTICE] instance is started
[07:12:10][5853] [NOTICE] instance is started
[07:12:10][5854] [NOTICE] instance is started
[07:12:10][5841] [NOTICE] instance is started
[07:12:10][5847] [NOTICE] instance is started
[07:12:10][5877] [NOTICE] instance is started
[07:12:10][5871] [NOTICE] instance is started
[07:12:11][MASTER] [NOTICE] IP Address: 130.211.250.203
[07:12:25][MASTER] [NOTICE] MineJS has activated: 5899
[07:12:27][5909] [NOTICE] instance is started
[07:12:27][5910] [NOTICE] instance is started
[07:12:27][5921] [NOTICE] instance is started
[07:12:27][5940] [NOTICE] instance is started
[07:12:27][5939] [NOTICE] instance is started
[07:12:27][5933] [NOTICE] instance is started
[07:12:27][5922] [NOTICE] instance is started
[07:12:27][5941] [NOTICE] instance is started
[07:12:28][MASTER] [NOTICE] IP Address: 130.211.250.203
[07:12:50][MASTER] [NOTICE] MineJS has activated: 5963
[07:12:51][5973] [NOTICE] instance is started
[07:12:51][5979] [NOTICE] instance is started
[07:12:51][5985] [NOTICE] instance is started
[07:12:51][5986] [NOTICE] instance is started
[07:12:51][5998] [NOTICE] instance is started
[07:12:51][5992] [NOTICE] instance is started
[07:12:51][6004] [NOTICE] instance is started
[07:12:51][6005] [NOTICE] instance is started
[07:12:52][MASTER] [NOTICE] IP Address: 130.211.250.203
[07:15:40][MASTER] [NOTICE] MineJS has activated: 6031
[07:15:42][6074] [NOTICE] instance is started
[07:15:42][6080] [NOTICE] instance is started
[07:15:42][6049] [NOTICE] instance is started
[07:15:42][6043] [NOTICE] instance is started
[07:15:43][6063] [NOTICE] instance is started
[07:15:43][6050] [NOTICE] instance is started
[07:15:43][6062] [NOTICE] instance is started
[07:15:43][6056] [NOTICE] instance is started
[07:15:43][MASTER] [NOTICE] IP Address: 130.211.250.203
[07:15:55][MASTER] [NOTICE] MineJS has activated: 6097
[07:15:56][6121] [NOTICE] instance is started
[07:15:56][6127] [NOTICE] instance is started
[07:15:56][6115] [NOTICE] instance is started
[07:15:56][6113] [NOTICE] instance is started
[07:15:56][6128] [NOTICE] instance is started
[07:15:56][6114] [NOTICE] instance is started
[07:15:57][6107] [NOTICE] instance is started
[07:15:57][6144] [NOTICE] instance is started
[07:15:57][MASTER] [NOTICE] IP Address: 130.211.250.203
[07:16:03][MASTER] [NOTICE] MineJS has activated: 6161
[07:16:04][6187] [NOTICE] instance is started
[07:16:05][6184] [NOTICE] instance is started
[07:16:05][6203] [NOTICE] instance is started
[07:16:05][6173] [NOTICE] instance is started
[07:16:05][6209] [NOTICE] instance is started
[07:16:05][6186] [NOTICE] instance is started
[07:16:05][6179] [NOTICE] instance is started
[07:16:05][6210] [NOTICE] instance is started
[07:16:05][MASTER] [NOTICE] IP Address: 130.211.250.203
[07:16:26][MASTER] [NOTICE] MineJS has activated: 6227
[07:16:28][6239] [NOTICE] instance is started
[07:16:28][6245] [NOTICE] instance is started
[07:16:28][6251] [NOTICE] instance is started
[07:16:28][6252] [NOTICE] instance is started
[07:16:28][6258] [NOTICE] instance is started
[07:16:28][6270] [NOTICE] instance is started
[07:16:28][6271] [NOTICE] instance is started
[07:16:28][6264] [NOTICE] instance is started
[07:16:29][MASTER] [NOTICE] IP Address: 130.211.250.203
[07:16:38][MASTER] [NOTICE] MineJS has activated: 6292
[07:16:39][6303] [NOTICE] instance is started
[07:16:39][6309] [NOTICE] instance is started
[07:16:39][6322] [NOTICE] instance is started
[07:16:39][6328] [NOTICE] instance is started
[07:16:39][6315] [NOTICE] instance is started
[07:16:39][6316] [NOTICE] instance is started
[07:16:40][6334] [NOTICE] instance is started
[07:16:40][6340] [NOTICE] instance is started
[07:16:40][MASTER] [NOTICE] IP Address: 130.211.250.203
[07:16:57][MASTER] [NOTICE] MineJS has activated: 6358
[07:16:58][6374] [NOTICE] instance is started
[07:16:58][6380] [NOTICE] instance is started
[07:16:58][6405] [NOTICE] instance is started
[07:16:58][6368] [NOTICE] instance is started
[07:16:59][6393] [NOTICE] instance is started
[07:16:59][6387] [NOTICE] instance is started
[07:16:59][6394] [NOTICE] instance is started
[07:16:59][6381] [NOTICE] instance is started
[07:16:59][MASTER] [NOTICE] IP Address: 130.211.250.203
[07:17:53][MASTER] [NOTICE] MineJS has activated: 6428
[07:17:54][6438] [NOTICE] instance is started
[07:17:54][6444] [NOTICE] instance is started
[07:17:54][6458] [NOTICE] instance is started
[07:17:55][6451] [NOTICE] instance is started
[07:17:55][6450] [NOTICE] instance is started
[07:17:55][6459] [NOTICE] instance is started
[07:17:55][6475] [NOTICE] instance is started
[07:17:55][6452] [NOTICE] instance is started
[07:17:55][MASTER] [NOTICE] IP Address: 130.211.250.203
[07:18:05][MASTER] [NOTICE] MineJS has activated: 6492
[07:18:06][6509] [NOTICE] instance is started
[07:18:06][6515] [NOTICE] instance is started
[07:18:06][6526] [NOTICE] instance is started
[07:18:06][6534] [NOTICE] instance is started
[07:18:06][6502] [NOTICE] instance is started
[07:18:06][6508] [NOTICE] instance is started
[07:18:06][6533] [NOTICE] instance is started
[07:18:06][6532] [NOTICE] instance is started
[07:18:07][MASTER] [NOTICE] IP Address: 130.211.250.203
[07:18:28][MASTER] [NOTICE] MineJS has activated: 6557
[07:18:29][6569] [NOTICE] instance is started
[07:18:29][6587] [NOTICE] instance is started
[07:18:29][6568] [NOTICE] instance is started
[07:18:29][6575] [NOTICE] instance is started
[07:18:29][6593] [NOTICE] instance is started
[07:18:29][6586] [NOTICE] instance is started
[07:18:29][6599] [NOTICE] instance is started
[07:18:29][6605] [NOTICE] instance is started
[07:18:30][MASTER] [NOTICE] IP Address: 130.211.250.203
[07:20:51][MASTER] [NOTICE] MineJS has activated: 6625
[07:20:52][6641] [NOTICE] instance is started
[07:20:53][6654] [NOTICE] instance is started
[07:20:53][6647] [NOTICE] instance is started
[07:20:53][6648] [NOTICE] instance is started
[07:20:53][6635] [NOTICE] instance is started
[07:20:53][6666] [NOTICE] instance is started
[07:20:53][6660] [NOTICE] instance is started
[07:20:53][6672] [NOTICE] instance is started
[07:20:53][MASTER] [NOTICE] IP Address: 130.211.250.203
[07:21:01][MASTER] [NOTICE] MineJS has activated: 6690
[07:21:02][6700] [NOTICE] instance is started
[07:21:02][6713] [NOTICE] instance is started
[07:21:02][6708] [NOTICE] instance is started
[07:21:02][6706] [NOTICE] instance is started
[07:21:02][6736] [NOTICE] instance is started
[07:21:02][6719] [NOTICE] instance is started
[07:21:02][6737] [NOTICE] instance is started
[07:21:02][6725] [NOTICE] instance is started
[07:21:03][MASTER] [NOTICE] IP Address: 130.211.250.203
[07:24:28][MASTER] [NOTICE] MineJS has activated: 6770
[07:24:29][6780] [NOTICE] instance is started
[07:24:29][6792] [NOTICE] instance is started
[07:24:29][6786] [NOTICE] instance is started
[07:24:29][6798] [NOTICE] instance is started
[07:24:29][6799] [NOTICE] instance is started
[07:24:29][6811] [NOTICE] instance is started
[07:24:30][6812] [NOTICE] instance is started
[07:24:30][6805] [NOTICE] instance is started
[07:24:30][MASTER] [NOTICE] IP Address: 130.211.250.203
[07:24:41][MASTER] [NOTICE] MineJS has activated: 6834
[07:24:42][6844] [NOTICE] instance is started
[07:24:42][6857] [NOTICE] instance is started
[07:24:42][6869] [NOTICE] instance is started
[07:24:42][6851] [NOTICE] instance is started
[07:24:42][6850] [NOTICE] instance is started
[07:24:42][6863] [NOTICE] instance is started
[07:24:42][6881] [NOTICE] instance is started
[07:24:42][6875] [NOTICE] instance is started
[07:24:43][MASTER] [NOTICE] IP Address: 130.211.250.203
[07:24:52][MASTER] [NOTICE] MineJS has activated: 6901
[07:24:53][6911] [NOTICE] instance is started
[07:24:53][6924] [NOTICE] instance is started
[07:24:53][6937] [NOTICE] instance is started
[07:24:53][6917] [NOTICE] instance is started
[07:24:53][6948] [NOTICE] instance is started
[07:24:53][6918] [NOTICE] instance is started
[07:24:53][6936] [NOTICE] instance is started
[07:24:53][6930] [NOTICE] instance is started
[07:24:54][MASTER] [NOTICE] IP Address: 130.211.250.203
[07:25:17][MASTER] [NOTICE] MineJS has activated: 6966
[07:25:18][6978] [NOTICE] instance is started
[07:25:18][6991] [NOTICE] instance is started
[07:25:18][6984] [NOTICE] instance is started
[07:25:18][6997] [NOTICE] instance is started
[07:25:19][7015] [NOTICE] instance is started
[07:25:19][7003] [NOTICE] instance is started
[07:25:19][6986] [NOTICE] instance is started
[07:25:19][7009] [NOTICE] instance is started
[07:25:19][MASTER] [NOTICE] IP Address: 130.211.250.203
[07:25:28][MASTER] [NOTICE] MineJS has activated: 7033
[07:25:29][7049] [NOTICE] instance is started
[07:25:29][7056] [NOTICE] instance is started
[07:25:29][7043] [NOTICE] instance is started
[07:25:29][7068] [NOTICE] instance is started
[07:25:29][7053] [NOTICE] instance is started
[07:25:29][7074] [NOTICE] instance is started
[07:25:29][7062] [NOTICE] instance is started
[07:25:29][7085] [NOTICE] instance is started
[07:25:30][MASTER] [NOTICE] IP Address: 130.211.250.203
[07:41:31][MASTER] [NOTICE] MineJS has activated: 7104
[07:41:32][7127] [NOTICE] instance is started
[07:41:32][7120] [NOTICE] instance is started
[07:41:33][7121] [NOTICE] instance is started
[07:41:33][7133] [NOTICE] instance is started
[07:41:33][7151] [NOTICE] instance is started
[07:41:33][7145] [NOTICE] instance is started
[07:41:33][7139] [NOTICE] instance is started
[07:41:33][7114] [NOTICE] instance is started
[07:41:33][MASTER] [NOTICE] IP Address: 130.211.250.203
[07:41:42][MASTER] [NOTICE] MineJS has activated: 7168
[07:41:43][7179] [NOTICE] instance is started
[07:41:43][7185] [NOTICE] instance is started
[07:41:43][7198] [NOTICE] instance is started
[07:41:43][7210] [NOTICE] instance is started
[07:41:43][7216] [NOTICE] instance is started
[07:41:43][7204] [NOTICE] instance is started
[07:41:43][7192] [NOTICE] instance is started
[07:41:43][7186] [NOTICE] instance is started
[07:41:44][MASTER] [NOTICE] IP Address: 130.211.250.203
[07:41:51][MASTER] [NOTICE] MineJS has activated: 7233
[07:41:52][7257] [NOTICE] instance is started
[07:41:52][7244] [NOTICE] instance is started
[07:41:52][7250] [NOTICE] instance is started
[07:41:53][7269] [NOTICE] instance is started
[07:41:53][7251] [NOTICE] instance is started
[07:41:53][7263] [NOTICE] instance is started
[07:41:53][7276] [NOTICE] instance is started
[07:41:53][7275] [NOTICE] instance is started
[07:41:53][MASTER] [NOTICE] IP Address: 130.211.250.203
[07:55:45][MASTER] [NOTICE] MineJS has activated: 7444
[07:55:46][7467] [NOTICE] instance is started
[07:55:46][7468] [NOTICE] instance is started
[07:55:47][7460] [NOTICE] instance is started
[07:55:47][7466] [NOTICE] instance is started
[07:55:47][7479] [NOTICE] instance is started
[07:55:47][7486] [NOTICE] instance is started
[07:55:47][7454] [NOTICE] instance is started
[07:55:47][7485] [NOTICE] instance is started
[07:55:48][MASTER] [NOTICE] IP Address: 130.211.250.203
[08:06:36][MASTER] [NOTICE] MineJS has activated: 7661
[08:06:37][7672] [NOTICE] instance is started
[08:06:37][7678] [NOTICE] instance is started
[08:06:38][7696] [NOTICE] instance is started
[08:06:38][7702] [NOTICE] instance is started
[08:06:38][7679] [NOTICE] instance is started
[08:06:38][7709] [NOTICE] instance is started
[08:06:38][7685] [NOTICE] instance is started
[08:06:38][7703] [NOTICE] instance is started
[08:06:39][MASTER] [NOTICE] IP Address: 130.211.250.203
[08:07:26][MASTER] [NOTICE] MineJS has activated: 7735
[08:07:27][7752] [NOTICE] instance is started
[08:07:27][7745] [NOTICE] instance is started
[08:07:27][7746] [NOTICE] instance is started
[08:07:27][7758] [NOTICE] instance is started
[08:07:27][7764] [NOTICE] instance is started
[08:07:27][7776] [NOTICE] instance is started
[08:07:27][7782] [NOTICE] instance is started
[08:07:27][7770] [NOTICE] instance is started
[08:08:02][MASTER] [NOTICE] MineJS has activated: 7808
[08:08:03][7825] [NOTICE] instance is started
[08:08:03][7831] [NOTICE] instance is started
[08:08:03][7837] [NOTICE] instance is started
[08:08:03][7824] [NOTICE] instance is started
[08:08:03][7844] [NOTICE] instance is started
[08:08:03][7818] [NOTICE] instance is started
[08:08:03][7850] [NOTICE] instance is started
[08:08:03][7843] [NOTICE] instance is started
[08:08:04][MASTER] [NOTICE] IP Address: 130.211.250.203
[09:53:49][MASTER] [NOTICE] MineJS has activated: 7932
[09:53:51][7954] [NOTICE] instance is started
[09:53:51][7948] [NOTICE] instance is started
[09:53:51][7961] [NOTICE] instance is started
[09:53:51][7942] [NOTICE] instance is started
[09:53:51][7974] [NOTICE] instance is started
[09:53:51][7973] [NOTICE] instance is started
[09:53:51][7955] [NOTICE] instance is started
[09:53:51][7967] [NOTICE] instance is started
[09:53:52][MASTER] [NOTICE] IP Address: 130.211.250.203
/stop
[09:53:52][7942] [NOTICE] instance deactivated
[09:57:36][MASTER] [NOTICE] MineJS has activated: 8068
[09:57:37][8084] [NOTICE] instance is started
[09:57:37][8091] [NOTICE] instance is started
[09:57:37][8078] [NOTICE] instance is started
[09:57:37][8102] [NOTICE] instance is started
[09:57:37][8114] [NOTICE] instance is started
[09:57:38][8090] [NOTICE] instance is started
[09:57:38][8115] [NOTICE] instance is started
[09:57:38][8103] [NOTICE] instance is started
[09:57:38][MASTER] [NOTICE] IP Address: 130.211.250.203
/stop
[09:57:39][8078] [NOTICE] instance deactivated
[09:57:39][8084] [NOTICE] instance deactivated
[09:57:39][8090] [NOTICE] instance deactivated
[09:57:39][8091] [NOTICE] instance deactivated
[09:57:39][8103] [NOTICE] instance deactivated
[09:57:39][8115] [NOTICE] instance deactivated
[09:57:51][MASTER] [NOTICE] MineJS has activated: 8141
[09:57:52][8164] [NOTICE] instance is started
[09:57:52][8163] [NOTICE] instance is started
[09:57:52][8170] [NOTICE] instance is started
[09:57:52][8176] [NOTICE] instance is started
[09:57:52][8151] [NOTICE] instance is started
[09:57:52][8157] [NOTICE] instance is started
[09:57:52][8182] [NOTICE] instance is started
[09:57:52][8188] [NOTICE] instance is started
[09:57:53][MASTER] [NOTICE] IP Address: 130.211.250.203
[09:58:19][MASTER] [NOTICE] MineJS has activated: 8216
[09:58:20][8226] [NOTICE] instance is started
[09:58:20][8232] [NOTICE] instance is started
[09:58:20][8251] [NOTICE] instance is started
[09:58:20][8263] [NOTICE] instance is started
[09:58:20][8239] [NOTICE] instance is started
[09:58:21][8233] [NOTICE] instance is started
[09:58:21][8245] [NOTICE] instance is started
[09:58:21][8257] [NOTICE] instance is started
[09:58:21][MASTER] [NOTICE] IP Address: 130.211.250.203
[09:58:41][MASTER] [NOTICE] MineJS has activated: 8291
[09:58:42][8307] [NOTICE] instance is started
[09:58:42][8325] [NOTICE] instance is started
[09:58:42][8314] [NOTICE] instance is started
[09:58:42][8338] [NOTICE] instance is started
[09:58:42][8308] [NOTICE] instance is started
[09:58:42][8301] [NOTICE] instance is started
[09:58:42][8331] [NOTICE] instance is started
[09:58:42][8334] [NOTICE] instance is started
[09:58:43][MASTER] [NOTICE] IP Address: 130.211.250.203
[10:00:15][MASTER] [NOTICE] MineJS has activated: 8379
[10:00:16][8389] [NOTICE] instance is started
[10:00:16][8390] [NOTICE] instance is started
[10:00:16][8402] [NOTICE] instance is started
[10:00:16][8403] [NOTICE] instance is started
[10:00:16][8414] [NOTICE] instance is started
[10:00:16][8401] [NOTICE] instance is started
[10:00:16][8426] [NOTICE] instance is started
[10:00:16][8420] [NOTICE] instance is started
[10:01:05][MASTER] [NOTICE] MineJS has activated: 8462
[10:01:06][8472] [NOTICE] instance is started
[10:01:06][8484] [NOTICE] instance is started
[10:01:06][8503] [NOTICE] instance is started
[10:01:07][8509] [NOTICE] instance is started
[10:01:07][8497] [NOTICE] instance is started
[10:01:07][8478] [NOTICE] instance is started
[10:01:07][8491] [NOTICE] instance is started
[10:01:07][8485] [NOTICE] instance is started
[10:01:07][MASTER] [NOTICE] IP Address: 130.211.250.203
[10:01:33][MASTER] [NOTICE] MineJS has activated: 8533
[10:01:34][8543] [NOTICE] instance is started
[10:01:34][8555] [NOTICE] instance is started
[10:01:34][8574] [NOTICE] instance is started
[10:01:34][8568] [NOTICE] instance is started
[10:01:34][8556] [NOTICE] instance is started
[10:01:34][8549] [NOTICE] instance is started
[10:01:34][8562] [NOTICE] instance is started
[10:01:34][8575] [NOTICE] instance is started
[10:01:35][MASTER] [NOTICE] IP Address: 130.211.250.203
[10:02:25][MASTER] [NOTICE] MineJS has activated: 8611
[10:02:26][8621] [NOTICE] instance is started
[10:02:26][8634] [NOTICE] instance is started
[10:02:26][8627] [NOTICE] instance is started
[10:02:26][8658] [NOTICE] instance is started
[10:02:26][8640] [NOTICE] instance is started
[10:02:26][8633] [NOTICE] instance is started
[10:02:26][8652] [NOTICE] instance is started
[10:02:26][8646] [NOTICE] instance is started
[10:02:27][MASTER] [NOTICE] IP Address: 130.211.250.203
[10:02:47][MASTER] [NOTICE] MineJS has activated: 8682
[10:02:48][8698] [NOTICE] instance is started
[10:02:48][8692] [NOTICE] instance is started
[10:02:48][8699] [NOTICE] instance is started
[10:02:48][8717] [NOTICE] instance is started
[10:02:48][8729] [NOTICE] instance is started
[10:02:48][8723] [NOTICE] instance is started
[10:02:48][8711] [NOTICE] instance is started
[10:02:48][8705] [NOTICE] instance is started
[10:02:49][MASTER] [NOTICE] IP Address: 130.211.250.203
[10:24:11][MASTER] [NOTICE] MineJS has activated: 8777
[10:24:12][8787] [NOTICE] instance is started
[10:24:12][8812] [NOTICE] instance is started
[10:24:12][8793] [NOTICE] instance is started
[10:24:12][8800] [NOTICE] instance is started
[10:24:12][8806] [NOTICE] instance is started
[10:24:12][8824] [NOTICE] instance is started
[10:24:12][8799] [NOTICE] instance is started
[10:24:13][8818] [NOTICE] instance is started
[10:24:13][MASTER] [NOTICE] IP Address: 130.211.250.203
[10:27:00][MASTER] [NOTICE] MineJS has activated: 8855
[10:27:01][8865] [NOTICE] instance is started
[10:27:01][8889] [NOTICE] instance is started
[10:27:02][8873] [NOTICE] instance is started
[10:27:02][8871] [NOTICE] instance is started
[10:27:02][8872] [NOTICE] instance is started
[10:27:02][8902] [NOTICE] instance is started
[10:27:02][8890] [NOTICE] instance is started
[10:27:02][8896] [NOTICE] instance is started
[10:27:02][MASTER] [NOTICE] IP Address: 130.211.250.203
