[17:15:04][MASTER] [NOTICE] MineJS has activated: 33804
[17:15:06][MASTER] [NOTICE] IP Address: 130.211.250.203
[17:15:06][33820] [NOTICE] instance is started
[17:15:06][33815] [NOTICE] instance is started
[17:15:06][33816] [NOTICE] instance is started
[17:15:06][33818] [NOTICE] instance is started
[17:15:06][33814] [NOTICE] instance is started
[17:15:06][33819] [NOTICE] instance is started
[17:15:06][33817] [NOTICE] instance is started
[17:15:06][33821] [NOTICE] instance is started
/stop
[17:15:09][33814] [NOTICE] instance deactivated
[17:15:31][MASTER] [NOTICE] MineJS has activated: 33875
[17:15:32][33885] [NOTICE] instance is started
[17:15:32][33892] [NOTICE] instance is started
[17:15:32][33898] [NOTICE] instance is started
[17:15:32][33891] [NOTICE] instance is started
[17:15:32][33904] [NOTICE] instance is started
[17:15:32][33916] [NOTICE] instance is started
[17:15:32][33915] [NOTICE] instance is started
[17:15:32][33922] [NOTICE] instance is started
[17:15:33][MASTER] [NOTICE] IP Address: 130.211.250.203
[17:15:54][MASTER] [NOTICE] MineJS has activated: 33946
[17:15:55][33963] [NOTICE] instance is started
[17:15:55][33956] [NOTICE] instance is started
[17:15:55][33975] [NOTICE] instance is started
[17:15:55][33962] [NOTICE] instance is started
[17:15:55][33987] [NOTICE] instance is started
[17:15:55][33974] [NOTICE] instance is started
[17:15:55][33986] [NOTICE] instance is started
[17:15:55][33989] [NOTICE] instance is started
[17:15:56][MASTER] [NOTICE] IP Address: 130.211.250.203
/stop
[17:15:57][33956] [NOTICE] instance deactivated
[17:15:57][33974] [NOTICE] instance deactivated
[17:15:57][33963] [NOTICE] instance deactivated
[17:15:57][33962] [NOTICE] instance deactivated
[17:15:57][33989] [NOTICE] instance deactivated
[17:15:57][33975] [NOTICE] instance deactivated
[17:15:57][33987] [NOTICE] instance deactivated
