[05:13:44][MASTER] [NOTICE] MineJS를 활성화했습니다: 27926
[05:13:46][MASTER] [NOTICE] IP 주소: 130.211.250.203
[05:13:46][MASTER] [INFO] 최신 버전을 사용 중입니다. (0.0.0.1)
[05:13:47][27944] [NOTICE] 인스턴스가 시작되었습니다
[05:13:47][27943] [NOTICE] 인스턴스가 시작되었습니다
[05:13:47][27962] [NOTICE] 인스턴스가 시작되었습니다
[05:13:47][27937] [NOTICE] 인스턴스가 시작되었습니다
[05:13:47][27950] [NOTICE] 인스턴스가 시작되었습니다
[05:13:47][27968] [NOTICE] 인스턴스가 시작되었습니다
[05:13:47][27956] [NOTICE] 인스턴스가 시작되었습니다
[05:13:47][27974] [NOTICE] 인스턴스가 시작되었습니다
[05:13:47][MASTER] [NOTICE] 총 8개의 인스턴스가 활성화되었습니다.
/stop
[05:13:52][27937] [NOTICE] 인스턴스가 비활성화되었습니다
[05:13:52][27950] [NOTICE] 인스턴스가 비활성화되었습니다
[05:13:52][27944] [NOTICE] 인스턴스가 비활성화되었습니다
[05:13:52][27974] [NOTICE] 인스턴스가 비활성화되었습니다
[05:13:52][27962] [NOTICE] 인스턴스가 비활성화되었습니다
[05:13:52][27968] [NOTICE] 인스턴스가 비활성화되었습니다
[05:28:54][MASTER] [NOTICE] MineJS를 활성화했습니다: 28113
[05:28:56][MASTER] [INFO] 최신 버전을 사용 중입니다. (0.0.0.1)
[05:28:56][MASTER] [NOTICE] IP 주소: 130.211.250.203
[05:28:58][28124] [NOTICE] 인스턴스가 시작되었습니다
[05:28:58][28137] [NOTICE] 인스턴스가 시작되었습니다
[05:28:58][28130] [NOTICE] 인스턴스가 시작되었습니다
[05:28:58][28131] [NOTICE] 인스턴스가 시작되었습니다
[05:28:58][28149] [NOTICE] 인스턴스가 시작되었습니다
[05:28:58][28161] [NOTICE] 인스턴스가 시작되었습니다
[05:28:58][28143] [NOTICE] 인스턴스가 시작되었습니다
[05:28:58][28155] [NOTICE] 인스턴스가 시작되었습니다
[05:28:58][MASTER] [NOTICE] 총 8개의 인스턴스가 활성화되었습니다.
/stop
[05:29:00][28124] [NOTICE] 인스턴스가 비활성화되었습니다
[05:29:00][28130] [NOTICE] 인스턴스가 비활성화되었습니다
[05:29:00][28131] [NOTICE] 인스턴스가 비활성화되었습니다
[05:29:00][28137] [NOTICE] 인스턴스가 비활성화되었습니다
[05:29:00][28143] [NOTICE] 인스턴스가 비활성화되었습니다
[05:29:00][28161] [NOTICE] 인스턴스가 비활성화되었습니다
[05:29:00][28155] [NOTICE] 인스턴스가 비활성화되었습니다
[05:29:03][MASTER] [NOTICE] MineJS를 활성화했습니다: 28183
[05:29:04][MASTER] [INFO] 최신 버전을 사용 중입니다. (0.0.0.1)
[05:29:05][MASTER] [NOTICE] IP 주소: 130.211.250.203
[05:29:06][28200] [NOTICE] 인스턴스가 시작되었습니다
[05:29:06][28213] [NOTICE] 인스턴스가 시작되었습니다
[05:29:06][28219] [NOTICE] 인스턴스가 시작되었습니다
[05:29:06][28206] [NOTICE] 인스턴스가 시작되었습니다
[05:29:06][28231] [NOTICE] 인스턴스가 시작되었습니다
[05:29:06][28194] [NOTICE] 인스턴스가 시작되었습니다
[05:29:06][28212] [NOTICE] 인스턴스가 시작되었습니다
[05:29:06][28225] [NOTICE] 인스턴스가 시작되었습니다
[05:29:06][MASTER] [NOTICE] 총 8개의 인스턴스가 활성화되었습니다.
/restart
[05:29:09][28194] [NOTICE] 인스턴스가 비활성화되었습니다
[05:30:11][MASTER] [NOTICE] MineJS를 활성화했습니다: 28270
[05:30:12][MASTER] [INFO] 최신 버전을 사용 중입니다. (0.0.0.1)
[05:30:13][MASTER] [NOTICE] IP 주소: 130.211.250.203
[05:30:14][28281] [NOTICE] 인스턴스가 시작되었습니다
[05:30:15][28287] [NOTICE] 인스턴스가 시작되었습니다
[05:30:15][28288] [NOTICE] 인스턴스가 시작되었습니다
[05:30:15][28311] [NOTICE] 인스턴스가 시작되었습니다
[05:30:15][28300] [NOTICE] 인스턴스가 시작되었습니다
[05:30:15][28312] [NOTICE] 인스턴스가 시작되었습니다
[05:30:15][28318] [NOTICE] 인스턴스가 시작되었습니다
[05:30:15][28294] [NOTICE] 인스턴스가 시작되었습니다
[05:30:15][MASTER] [NOTICE] 총 8개의 인스턴스가 활성화되었습니다.
/restart
[05:30:16][28281] [NOTICE] 인스턴스가 비활성화되었습니다
[05:31:23][MASTER] [NOTICE] MineJS를 활성화했습니다: 28366
[05:31:24][MASTER] [INFO] 최신 버전을 사용 중입니다. (0.0.0.1)
[05:31:25][MASTER] [NOTICE] IP 주소: 130.211.250.203
[05:31:27][28384] [NOTICE] 인스턴스가 시작되었습니다
[05:31:27][28390] [NOTICE] 인스턴스가 시작되었습니다
[05:31:27][28377] [NOTICE] 인스턴스가 시작되었습니다
[05:31:27][28378] [NOTICE] 인스턴스가 시작되었습니다
[05:31:28][28401] [NOTICE] 인스턴스가 시작되었습니다
[05:31:28][28407] [NOTICE] 인스턴스가 시작되었습니다
[05:31:28][28414] [NOTICE] 인스턴스가 시작되었습니다
[05:31:28][28408] [NOTICE] 인스턴스가 시작되었습니다
[05:31:28][MASTER] [NOTICE] 총 8개의 인스턴스가 활성화되었습니다.
/restart
[05:31:30][28377] [NOTICE] 인스턴스가 비활성화되었습니다
[05:31:30][28378] [NOTICE] 인스턴스가 비활성화되었습니다
[05:31:30][28384] [NOTICE] 인스턴스가 비활성화되었습니다
[05:31:30][28401] [NOTICE] 인스턴스가 비활성화되었습니다
[05:31:30][28408] [NOTICE] 인스턴스가 비활성화되었습니다
[05:31:30][28414] [NOTICE] 인스턴스가 비활성화되었습니다
[05:31:30][28390] [NOTICE] 인스턴스가 비활성화되었습니다
[05:31:30][28407] [NOTICE] 인스턴스가 비활성화되었습니다
[05:32:00][MASTER] [NOTICE] MineJS를 활성화했습니다: 28447
[05:32:01][MASTER] [INFO] 최신 버전을 사용 중입니다. (0.0.0.1)
[05:32:01][MASTER] [NOTICE] IP 주소: 130.211.250.203
[05:32:03][28470] [NOTICE] 인스턴스가 시작되었습니다
[05:32:03][28477] [NOTICE] 인스턴스가 시작되었습니다
[05:32:03][28471] [NOTICE] 인스턴스가 시작되었습니다
[05:32:03][28464] [NOTICE] 인스턴스가 시작되었습니다
[05:32:03][28458] [NOTICE] 인스턴스가 시작되었습니다
[05:32:03][28483] [NOTICE] 인스턴스가 시작되었습니다
[05:32:03][28489] [NOTICE] 인스턴스가 시작되었습니다
[05:32:03][28495] [NOTICE] 인스턴스가 시작되었습니다
[05:32:03][MASTER] [NOTICE] 총 8개의 인스턴스가 활성화되었습니다.
/restart
[05:32:04][28458] [NOTICE] 인스턴스가 비활성화되었습니다
[05:32:04][28464] [NOTICE] 인스턴스가 비활성화되었습니다
[05:32:04][28477] [NOTICE] 인스턴스가 비활성화되었습니다
[05:32:04][28470] [NOTICE] 인스턴스가 비활성화되었습니다
[05:32:04][28471] [NOTICE] 인스턴스가 비활성화되었습니다
[05:32:04][28489] [NOTICE] 인스턴스가 비활성화되었습니다
[05:32:04][28495] [NOTICE] 인스턴스가 비활성화되었습니다
[05:33:15][MASTER] [NOTICE] MineJS를 활성화했습니다: 28544
[05:33:16][MASTER] [INFO] 최신 버전을 사용 중입니다. (0.0.0.1)
[05:33:17][MASTER] [NOTICE] IP 주소: 130.211.250.203
[05:33:18][28555] [NOTICE] 인스턴스가 시작되었습니다
[05:33:19][28568] [NOTICE] 인스턴스가 시작되었습니다
[05:33:19][28561] [NOTICE] 인스턴스가 시작되었습니다
[05:33:19][28580] [NOTICE] 인스턴스가 시작되었습니다
[05:33:19][28574] [NOTICE] 인스턴스가 시작되었습니다
[05:33:19][28586] [NOTICE] 인스턴스가 시작되었습니다
[05:33:19][28562] [NOTICE] 인스턴스가 시작되었습니다
[05:33:19][28592] [NOTICE] 인스턴스가 시작되었습니다
[05:33:19][MASTER] [NOTICE] 총 8개의 인스턴스가 활성화되었습니다.
/restart
[05:33:21][28555] [NOTICE] 인스턴스가 비활성화되었습니다
[05:33:21][28574] [NOTICE] 인스턴스가 비활성화되었습니다
[05:33:21][28562] [NOTICE] 인스턴스가 비활성화되었습니다
[05:33:21][28586] [NOTICE] 인스턴스가 비활성화되었습니다
[05:33:21][28580] [NOTICE] 인스턴스가 비활성화되었습니다
[05:34:11][MASTER] [NOTICE] MineJS를 활성화했습니다: 28629
[05:34:12][MASTER] [INFO] 최신 버전을 사용 중입니다. (0.0.0.1)
[05:34:13][MASTER] [NOTICE] IP 주소: 130.211.250.203
[05:34:14][28640] [NOTICE] 인스턴스가 시작되었습니다
[05:34:14][28653] [NOTICE] 인스턴스가 시작되었습니다
[05:34:14][28652] [NOTICE] 인스턴스가 시작되었습니다
[05:34:14][28672] [NOTICE] 인스턴스가 시작되었습니다
[05:34:14][28664] [NOTICE] 인스턴스가 시작되었습니다
[05:34:15][28671] [NOTICE] 인스턴스가 시작되었습니다
[05:34:15][28646] [NOTICE] 인스턴스가 시작되었습니다
[05:34:15][28665] [NOTICE] 인스턴스가 시작되었습니다
[05:34:15][MASTER] [NOTICE] 총 8개의 인스턴스가 활성화되었습니다.
/restart
[05:34:17][28640] [NOTICE] 인스턴스가 비활성화되었습니다
[05:34:17][28646] [NOTICE] 인스턴스가 비활성화되었습니다
[05:34:17][28652] [NOTICE] 인스턴스가 비활성화되었습니다
[05:34:17][28653] [NOTICE] 인스턴스가 비활성화되었습니다
[05:34:17][28664] [NOTICE] 인스턴스가 비활성화되었습니다
[05:34:17][28665] [NOTICE] 인스턴스가 비활성화되었습니다
[05:34:17][28672] [NOTICE] 인스턴스가 비활성화되었습니다
[05:34:45][MASTER] [NOTICE] MineJS를 활성화했습니다: 28705
[05:34:46][MASTER] [INFO] 최신 버전을 사용 중입니다. (0.0.0.1)
[05:34:47][MASTER] [NOTICE] IP 주소: 130.211.250.203
[05:34:48][28717] [NOTICE] 인스턴스가 시작되었습니다
[05:34:48][28723] [NOTICE] 인스턴스가 시작되었습니다
[05:34:48][28724] [NOTICE] 인스턴스가 시작되었습니다
[05:34:48][28748] [NOTICE] 인스턴스가 시작되었습니다
[05:34:48][28742] [NOTICE] 인스턴스가 시작되었습니다
[05:34:48][28736] [NOTICE] 인스턴스가 시작되었습니다
[05:34:48][28730] [NOTICE] 인스턴스가 시작되었습니다
[05:34:48][28754] [NOTICE] 인스턴스가 시작되었습니다
[05:34:48][MASTER] [NOTICE] 총 8개의 인스턴스가 활성화되었습니다.
/stop
[05:34:54][28717] [NOTICE] 인스턴스가 비활성화되었습니다
[05:34:54][28723] [NOTICE] 인스턴스가 비활성화되었습니다
[05:34:54][28724] [NOTICE] 인스턴스가 비활성화되었습니다
[05:34:54][28730] [NOTICE] 인스턴스가 비활성화되었습니다
[05:34:54][28742] [NOTICE] 인스턴스가 비활성화되었습니다
[05:34:54][28748] [NOTICE] 인스턴스가 비활성화되었습니다
[05:34:54][28736] [NOTICE] 인스턴스가 비활성화되었습니다
[05:35:15][MASTER] [NOTICE] MineJS를 활성화했습니다: 28783
[05:35:16][MASTER] [INFO] 최신 버전을 사용 중입니다. (0.0.0.1)
[05:35:17][MASTER] [NOTICE] IP 주소: 130.211.250.203
[05:35:18][28795] [NOTICE] 인스턴스가 시작되었습니다
[05:35:18][28819] [NOTICE] 인스턴스가 시작되었습니다
[05:35:18][28804] [NOTICE] 인스턴스가 시작되었습니다
[05:35:18][28826] [NOTICE] 인스턴스가 시작되었습니다
[05:35:18][28813] [NOTICE] 인스턴스가 시작되었습니다
[05:35:18][28820] [NOTICE] 인스턴스가 시작되었습니다
[05:35:18][28801] [NOTICE] 인스턴스가 시작되었습니다
[05:35:18][28837] [NOTICE] 인스턴스가 시작되었습니다
[05:35:18][MASTER] [NOTICE] 총 8개의 인스턴스가 활성화되었습니다.
[05:35:38][MASTER] [NOTICE] MineJS를 활성화했습니다: 28861
[05:35:39][MASTER] [INFO] 최신 버전을 사용 중입니다. (0.0.0.1)
[05:35:50][MASTER] [NOTICE] MineJS를 활성화했습니다: 28930
[05:36:18][MASTER] [NOTICE] MineJS를 활성화했습니다: 29002
[05:36:19][MASTER] [INFO] 최신 버전을 사용 중입니다. (0.0.0.1)
[05:36:20][MASTER] [NOTICE] IP 주소: 130.211.250.203
[05:36:36][MASTER] [NOTICE] MineJS를 활성화했습니다: 29073
[05:36:36][MASTER] [INFO] 최신 버전을 사용 중입니다. (0.0.0.1)
[05:36:37][MASTER] [NOTICE] IP 주소: 130.211.250.203
[05:36:38][29109] [NOTICE] 인스턴스가 시작되었습니다
[05:36:38][29096] [NOTICE] 인스턴스가 시작되었습니다
[05:36:38][29115] [NOTICE] 인스턴스가 시작되었습니다
[05:36:38][29084] [NOTICE] 인스턴스가 시작되었습니다
[05:36:38][29103] [NOTICE] 인스턴스가 시작되었습니다
[05:36:38][29121] [NOTICE] 인스턴스가 시작되었습니다
[05:36:38][29097] [NOTICE] 인스턴스가 시작되었습니다
[05:36:38][29090] [NOTICE] 인스턴스가 시작되었습니다
[05:36:38][MASTER] [NOTICE] 총 8개의 인스턴스가 활성화되었습니다.
/restart
[05:36:40][29084] [NOTICE] 인스턴스가 비활성화되었습니다
[05:36:40][29096] [NOTICE] 인스턴스가 비활성화되었습니다
[05:36:40][29090] [NOTICE] 인스턴스가 비활성화되었습니다
[05:36:40][29097] [NOTICE] 인스턴스가 비활성화되었습니다
[05:36:40][29109] [NOTICE] 인스턴스가 비활성화되었습니다
[05:36:40][29103] [NOTICE] 인스턴스가 비활성화되었습니다
[05:36:40][29121] [NOTICE] 인스턴스가 비활성화되었습니다
[05:36:40][29115] [NOTICE] 인스턴스가 비활성화되었습니다
[05:36:40][MASTER] [NOTICE] 총 8개의 인스턴스가 비활성화되었습니다.
[05:36:40][MASTER] [NOTICE] MineJS가 비활성화되었습니다
[05:36:40][MASTER] [NOTICE] MineJS를 활성화했습니다: 29073
[05:36:40][MASTER] [INFO] 최신 버전을 사용 중입니다. (0.0.0.1)
[05:36:41][MASTER] [NOTICE] IP 주소: 130.211.250.203
[05:36:42][29141] [NOTICE] 인스턴스가 시작되었습니다
[05:36:42][29141] [NOTICE] 인스턴스가 시작되었습니다
[05:36:42][29141] [NOTICE] 인스턴스가 시작되었습니다
[05:36:42][29141] [NOTICE] 인스턴스가 시작되었습니다
[05:36:42][29160] [NOTICE] 인스턴스가 시작되었습니다
[05:36:42][29160] [NOTICE] 인스턴스가 시작되었습니다
[05:36:42][29160] [NOTICE] 인스턴스가 시작되었습니다
[05:36:42][29160] [NOTICE] 인스턴스가 시작되었습니다
[05:36:42][29152] [NOTICE] 인스턴스가 시작되었습니다
[05:36:42][29152] [NOTICE] 인스턴스가 시작되었습니다
[05:36:42][29152] [NOTICE] 인스턴스가 시작되었습니다
[05:36:42][29152] [NOTICE] 인스턴스가 시작되었습니다
[05:36:42][29177] [NOTICE] 인스턴스가 시작되었습니다
[05:36:42][29177] [NOTICE] 인스턴스가 시작되었습니다
[05:36:42][29177] [NOTICE] 인스턴스가 시작되었습니다
[05:36:42][29177] [NOTICE] 인스턴스가 시작되었습니다
[05:36:42][MASTER] [NOTICE] 총 8개의 인스턴스가 활성화되었습니다.
[05:36:42][29153] [NOTICE] 인스턴스가 시작되었습니다
[05:36:42][29153] [NOTICE] 인스턴스가 시작되었습니다
[05:36:42][29153] [NOTICE] 인스턴스가 시작되었습니다
[05:36:42][29153] [NOTICE] 인스턴스가 시작되었습니다
[05:36:42][29140] [NOTICE] 인스턴스가 시작되었습니다
[05:36:42][29140] [NOTICE] 인스턴스가 시작되었습니다
[05:36:42][29140] [NOTICE] 인스턴스가 시작되었습니다
[05:36:42][29140] [NOTICE] 인스턴스가 시작되었습니다
[05:36:42][29171] [NOTICE] 인스턴스가 시작되었습니다
[05:36:42][29171] [NOTICE] 인스턴스가 시작되었습니다
[05:36:42][29171] [NOTICE] 인스턴스가 시작되었습니다
[05:36:42][29171] [NOTICE] 인스턴스가 시작되었습니다
[05:36:43][29165] [NOTICE] 인스턴스가 시작되었습니다
[05:36:43][29165] [NOTICE] 인스턴스가 시작되었습니다
[05:36:43][29165] [NOTICE] 인스턴스가 시작되었습니다
[05:36:43][29165] [NOTICE] 인스턴스가 시작되었습니다
/[05:40:57][MASTER] [NOTICE] MineJS를 활성화했습니다: 29235
[05:40:58][MASTER] [INFO] 최신 버전을 사용 중입니다. (0.0.0.1)
[05:40:59][MASTER] [NOTICE] IP 주소: 130.211.250.203
[05:41:00][29258] [NOTICE] 인스턴스가 시작되었습니다
[05:41:00][29246] [NOTICE] 인스턴스가 시작되었습니다
[05:41:00][29277] [NOTICE] 인스턴스가 시작되었습니다
[05:41:00][29252] [NOTICE] 인스턴스가 시작되었습니다
[05:41:00][29265] [NOTICE] 인스턴스가 시작되었습니다
[05:41:00][29278] [NOTICE] 인스턴스가 시작되었습니다
[05:41:00][29259] [NOTICE] 인스턴스가 시작되었습니다
[05:41:00][29266] [NOTICE] 인스턴스가 시작되었습니다
[05:41:00][MASTER] [NOTICE] 총 8개의 인스턴스가 활성화되었습니다.
/stop
[05:41:02][29252] [NOTICE] 인스턴스가 비활성화되었습니다
[05:41:02][29258] [NOTICE] 인스턴스가 비활성화되었습니다
[05:41:02][29265] [NOTICE] 인스턴스가 비활성화되었습니다
[05:41:02][29266] [NOTICE] 인스턴스가 비활성화되었습니다
[05:41:02][29277] [NOTICE] 인스턴스가 비활성화되었습니다
[05:41:02][29278] [NOTICE] 인스턴스가 비활성화되었습니다
[05:41:02][29259] [NOTICE] 인스턴스가 비활성화되었습니다
[05:41:06][MASTER] [NOTICE] MineJS를 활성화했습니다: 29305
[05:41:07][MASTER] [INFO] 최신 버전을 사용 중입니다. (0.0.0.1)
[05:41:08][MASTER] [NOTICE] IP 주소: 130.211.250.203
[05:41:09][29329] [NOTICE] 인스턴스가 시작되었습니다
[05:41:09][29322] [NOTICE] 인스턴스가 시작되었습니다
[05:41:10][29328] [NOTICE] 인스턴스가 시작되었습니다
[05:41:10][29341] [NOTICE] 인스턴스가 시작되었습니다
[05:41:10][29316] [NOTICE] 인스턴스가 시작되었습니다
[05:41:10][29335] [NOTICE] 인스턴스가 시작되었습니다
[05:41:10][29347] [NOTICE] 인스턴스가 시작되었습니다
[05:41:10][29353] [NOTICE] 인스턴스가 시작되었습니다
[05:41:10][MASTER] [NOTICE] 총 8개의 인스턴스가 활성화되었습니다.
/restart
[05:41:11][29316] [NOTICE] 인스턴스가 비활성화되었습니다
[05:41:11][29322] [NOTICE] 인스턴스가 비활성화되었습니다
[05:41:11][29328] [NOTICE] 인스턴스가 비활성화되었습니다
[05:41:11][29329] [NOTICE] 인스턴스가 비활성화되었습니다
[05:41:11][29341] [NOTICE] 인스턴스가 비활성화되었습니다
[05:41:11][29335] [NOTICE] 인스턴스가 비활성화되었습니다
[05:41:11][29347] [NOTICE] 인스턴스가 비활성화되었습니다
[05:41:11][29353] [NOTICE] 인스턴스가 비활성화되었습니다
[05:41:11][MASTER] [NOTICE] 총 8개의 인스턴스가 비활성화되었습니다.
[05:41:11][MASTER] [NOTICE] MineJS가 비활성화되었습니다
[05:41:11][MASTER] [NOTICE] MineJS를 활성화했습니다: 29305
[05:41:12][MASTER] [INFO] 최신 버전을 사용 중입니다. (0.0.0.1)
[05:41:13][MASTER] [NOTICE] IP 주소: 130.211.250.203
[05:41:15][29373] [NOTICE] 인스턴스가 시작되었습니다
[05:41:15][29373] [NOTICE] 인스턴스가 시작되었습니다
[05:41:15][29373] [NOTICE] 인스턴스가 시작되었습니다
[05:41:15][29373] [NOTICE] 인스턴스가 시작되었습니다
[05:41:15][29385] [NOTICE] 인스턴스가 시작되었습니다
[05:41:15][29385] [NOTICE] 인스턴스가 시작되었습니다
[05:41:15][29385] [NOTICE] 인스턴스가 시작되었습니다
[05:41:15][29385] [NOTICE] 인스턴스가 시작되었습니다
[05:41:15][29384] [NOTICE] 인스턴스가 시작되었습니다
[05:41:15][29384] [NOTICE] 인스턴스가 시작되었습니다
[05:41:15][29384] [NOTICE] 인스턴스가 시작되었습니다
[05:41:15][29384] [NOTICE] 인스턴스가 시작되었습니다
[05:41:15][29403] [NOTICE] 인스턴스가 시작되었습니다
[05:41:15][29403] [NOTICE] 인스턴스가 시작되었습니다
[05:41:15][29403] [NOTICE] 인스턴스가 시작되었습니다
[05:41:15][29403] [NOTICE] 인스턴스가 시작되었습니다
[05:41:15][MASTER] [NOTICE] 총 8개의 인스턴스가 활성화되었습니다.
[05:41:15][29409] [NOTICE] 인스턴스가 시작되었습니다
[05:41:15][29409] [NOTICE] 인스턴스가 시작되었습니다
[05:41:15][29409] [NOTICE] 인스턴스가 시작되었습니다
[05:41:15][29409] [NOTICE] 인스턴스가 시작되었습니다
[05:41:15][29391] [NOTICE] 인스턴스가 시작되었습니다
[05:41:15][29391] [NOTICE] 인스턴스가 시작되었습니다
[05:41:15][29391] [NOTICE] 인스턴스가 시작되었습니다
[05:41:15][29391] [NOTICE] 인스턴스가 시작되었습니다
[05:41:15][29397] [NOTICE] 인스턴스가 시작되었습니다
[05:41:15][29397] [NOTICE] 인스턴스가 시작되었습니다
[05:41:15][29397] [NOTICE] 인스턴스가 시작되었습니다
[05:41:15][29397] [NOTICE] 인스턴스가 시작되었습니다
[05:41:15][29372] [NOTICE] 인스턴스가 시작되었습니다
[05:41:15][29372] [NOTICE] 인스턴스가 시작되었습니다
[05:41:15][29372] [NOTICE] 인스턴스가 시작되었습니다
[05:41:15][29372] [NOTICE] 인스턴스가 시작되었습니다
/d[05:41:54][MASTER] [NOTICE] MineJS를 활성화했습니다: 29435
[05:41:56][MASTER] [INFO] 최신 버전을 사용 중입니다. (0.0.0.1)
[05:41:56][MASTER] [NOTICE] IP 주소: 130.211.250.203
[05:41:58][29466] [NOTICE] 인스턴스가 시작되었습니다
[05:41:58][29465] [NOTICE] 인스턴스가 시작되었습니다
[05:41:58][29479] [NOTICE] 인스턴스가 시작되었습니다
[05:41:58][29453] [NOTICE] 인스턴스가 시작되었습니다
[05:41:58][29447] [NOTICE] 인스턴스가 시작되었습니다
[05:41:58][29477] [NOTICE] 인스턴스가 시작되었습니다
[05:41:58][29459] [NOTICE] 인스턴스가 시작되었습니다
[05:41:58][29489] [NOTICE] 인스턴스가 시작되었습니다
[05:41:58][MASTER] [NOTICE] 총 8개의 인스턴스가 활성화되었습니다.
/restart
[05:42:00][29453] [NOTICE] 인스턴스가 비활성화되었습니다
[05:42:00][29466] [NOTICE] 인스턴스가 비활성화되었습니다
[05:42:00][29479] [NOTICE] 인스턴스가 비활성화되었습니다
[05:42:00][29465] [NOTICE] 인스턴스가 비활성화되었습니다
[05:42:00][29489] [NOTICE] 인스턴스가 비활성화되었습니다
[05:42:00][29459] [NOTICE] 인스턴스가 비활성화되었습니다
[05:42:00][29447] [NOTICE] 인스턴스가 비활성화되었습니다
[05:42:00][29477] [NOTICE] 인스턴스가 비활성화되었습니다
[05:42:00][MASTER] [NOTICE] 총 8개의 인스턴스가 비활성화되었습니다.
[05:42:00][MASTER] [NOTICE] MineJS가 비활성화되었습니다
[05:42:00][MASTER] [NOTICE] MineJS를 활성화했습니다: 29435
[05:42:01][MASTER] [INFO] 최신 버전을 사용 중입니다. (0.0.0.1)
[05:42:02][MASTER] [NOTICE] IP 주소: 130.211.250.203
[05:44:42][MASTER] [NOTICE] MineJS를 활성화했습니다: 29577
[05:44:43][MASTER] [INFO] 최신 버전을 사용 중입니다. (0.0.0.1)
[05:44:44][MASTER] [NOTICE] IP 주소: 130.211.250.203
[05:44:45][29594] [NOTICE] 인스턴스가 시작되었습니다
[05:44:45][29595] [NOTICE] 인스턴스가 시작되었습니다
[05:44:45][29588] [NOTICE] 인스턴스가 시작되었습니다
[05:44:45][29624] [NOTICE] 인스턴스가 시작되었습니다
[05:44:45][29607] [NOTICE] 인스턴스가 시작되었습니다
[05:44:45][29625] [NOTICE] 인스턴스가 시작되었습니다
[05:44:45][29613] [NOTICE] 인스턴스가 시작되었습니다
[05:44:45][29601] [NOTICE] 인스턴스가 시작되었습니다
[05:44:45][MASTER] [NOTICE] 총 8개의 인스턴스가 활성화되었습니다.
/stop
[05:44:48][MASTER] [NOTICE] MineJS를 활성화했습니다: 29647
[05:44:50][MASTER] [INFO] 최신 버전을 사용 중입니다. (0.0.0.1)
[05:44:50][MASTER] [NOTICE] IP 주소: 130.211.250.203
[05:44:52][29659] [NOTICE] 인스턴스가 시작되었습니다
[05:44:52][29666] [NOTICE] 인스턴스가 시작되었습니다
[05:44:52][29678] [NOTICE] 인스턴스가 시작되었습니다
[05:44:52][29684] [NOTICE] 인스턴스가 시작되었습니다
[05:44:53][29696] [NOTICE] 인스턴스가 시작되었습니다
[05:44:53][29665] [NOTICE] 인스턴스가 시작되었습니다
[05:44:53][29677] [NOTICE] 인스턴스가 시작되었습니다
[05:44:53][29690] [NOTICE] 인스턴스가 시작되었습니다
[05:44:53][MASTER] [NOTICE] 총 8개의 인스턴스가 활성화되었습니다.
/restart
[05:44:54][29659] [NOTICE] 인스턴스가 비활성화되었습니다
[05:44:54][29666] [NOTICE] 인스턴스가 비활성화되었습니다
[05:44:54][29665] [NOTICE] 인스턴스가 비활성화되었습니다
[05:44:54][29678] [NOTICE] 인스턴스가 비활성화되었습니다
[05:44:54][29677] [NOTICE] 인스턴스가 비활성화되었습니다
[05:44:54][29696] [NOTICE] 인스턴스가 비활성화되었습니다
[05:44:54][29684] [NOTICE] 인스턴스가 비활성화되었습니다
[05:44:54][29690] [NOTICE] 인스턴스가 비활성화되었습니다
[05:44:54][MASTER] [NOTICE] 총 8개의 인스턴스가 비활성화되었습니다.
[05:44:54][MASTER] [NOTICE] MineJS가 비활성화되었습니다
[05:44:54][MASTER] [NOTICE] MineJS를 활성화했습니다: 29647
[05:44:55][MASTER] [INFO] 최신 버전을 사용 중입니다. (0.0.0.1)
[05:44:56][MASTER] [NOTICE] IP 주소: 130.211.250.203
[05:44:58][29733] [NOTICE] 인스턴스가 시작되었습니다
[05:44:58][29733] [NOTICE] 인스턴스가 시작되었습니다
[05:44:58][29733] [NOTICE] 인스턴스가 시작되었습니다
[05:44:58][29733] [NOTICE] 인스턴스가 시작되었습니다
[05:44:58][29721] [NOTICE] 인스턴스가 시작되었습니다
[05:44:58][29721] [NOTICE] 인스턴스가 시작되었습니다
[05:44:58][29721] [NOTICE] 인스턴스가 시작되었습니다
[05:44:58][29721] [NOTICE] 인스턴스가 시작되었습니다
[05:44:58][29715] [NOTICE] 인스턴스가 시작되었습니다
[05:44:58][29715] [NOTICE] 인스턴스가 시작되었습니다
[05:44:58][29715] [NOTICE] 인스턴스가 시작되었습니다
[05:44:58][29715] [NOTICE] 인스턴스가 시작되었습니다
[05:44:58][29739] [NOTICE] 인스턴스가 시작되었습니다
[05:44:58][29739] [NOTICE] 인스턴스가 시작되었습니다
[05:44:58][29739] [NOTICE] 인스턴스가 시작되었습니다
[05:44:58][29739] [NOTICE] 인스턴스가 시작되었습니다
[05:44:58][MASTER] [NOTICE] 총 8개의 인스턴스가 활성화되었습니다.
[05:44:58][29752] [NOTICE] 인스턴스가 시작되었습니다
[05:44:58][29752] [NOTICE] 인스턴스가 시작되었습니다
[05:44:58][29722] [NOTICE] 인스턴스가 시작되었습니다
[05:44:58][29722] [NOTICE] 인스턴스가 시작되었습니다
[05:44:58][29722] [NOTICE] 인스턴스가 시작되었습니다
[05:44:58][29722] [NOTICE] 인스턴스가 시작되었습니다
[05:44:58][29752] [NOTICE] 인스턴스가 시작되었습니다
[05:44:58][29752] [NOTICE] 인스턴스가 시작되었습니다
[05:44:58][29746] [NOTICE] 인스턴스가 시작되었습니다
[05:44:58][29746] [NOTICE] 인스턴스가 시작되었습니다
[05:44:58][29746] [NOTICE] 인스턴스가 시작되었습니다
[05:44:58][29746] [NOTICE] 인스턴스가 시작되었습니다
[05:44:58][29740] [NOTICE] 인스턴스가 시작되었습니다
[05:44:58][29740] [NOTICE] 인스턴스가 시작되었습니다
[05:44:58][29740] [NOTICE] 인스턴스가 시작되었습니다
[05:44:58][29740] [NOTICE] 인스턴스가 시작되었습니다
/a[05:45:40][MASTER] [NOTICE] MineJS를 활성화했습니다: 29784
[05:45:42][MASTER] [INFO] 최신 버전을 사용 중입니다. (0.0.0.1)
[05:45:43][MASTER] [NOTICE] IP 주소: 130.211.250.203
[05:45:43][29795] [NOTICE] 인스턴스가 시작되었습니다
[05:45:44][29814] [NOTICE] 인스턴스가 시작되었습니다
[05:45:44][29808] [NOTICE] 인스턴스가 시작되었습니다
[05:45:44][29820] [NOTICE] 인스턴스가 시작되었습니다
[05:45:44][29831] [NOTICE] 인스턴스가 시작되었습니다
[05:45:44][29807] [NOTICE] 인스턴스가 시작되었습니다
[05:45:44][29832] [NOTICE] 인스턴스가 시작되었습니다
[05:45:44][29801] [NOTICE] 인스턴스가 시작되었습니다
[05:45:44][MASTER] [NOTICE] 총 8개의 인스턴스가 활성화되었습니다.
/stop
[05:45:45][29795] [NOTICE] 인스턴스가 비활성화되었습니다
[05:45:45][29808] [NOTICE] 인스턴스가 비활성화되었습니다
[05:45:45][29814] [NOTICE] 인스턴스가 비활성화되었습니다
[05:45:45][29820] [NOTICE] 인스턴스가 비활성화되었습니다
[05:45:45][29832] [NOTICE] 인스턴스가 비활성화되었습니다
[05:45:45][29807] [NOTICE] 인스턴스가 비활성화되었습니다
[05:45:45][29831] [NOTICE] 인스턴스가 비활성화되었습니다
[05:45:45][29801] [NOTICE] 인스턴스가 비활성화되었습니다
[05:45:53][MASTER] [NOTICE] MineJS를 활성화했습니다: 29863
[05:45:54][MASTER] [INFO] 최신 버전을 사용 중입니다. (0.0.0.1)
[05:45:55][MASTER] [NOTICE] IP 주소: 130.211.250.203
[05:45:57][29880] [NOTICE] 인스턴스가 시작되었습니다
[05:45:57][29911] [NOTICE] 인스턴스가 시작되었습니다
[05:45:57][29892] [NOTICE] 인스턴스가 시작되었습니다
[05:45:57][29905] [NOTICE] 인스턴스가 시작되었습니다
[05:45:57][29886] [NOTICE] 인스턴스가 시작되었습니다
[05:45:57][29874] [NOTICE] 인스턴스가 시작되었습니다
[05:45:57][29899] [NOTICE] 인스턴스가 시작되었습니다
[05:45:57][29893] [NOTICE] 인스턴스가 시작되었습니다
[05:45:57][MASTER] [NOTICE] 총 8개의 인스턴스가 활성화되었습니다.
/stop
[05:45:58][29874] [NOTICE] 인스턴스가 비활성화되었습니다
[05:45:58][29880] [NOTICE] 인스턴스가 비활성화되었습니다
[05:45:58][29886] [NOTICE] 인스턴스가 비활성화되었습니다
[05:45:58][29892] [NOTICE] 인스턴스가 비활성화되었습니다
[05:45:58][29911] [NOTICE] 인스턴스가 비활성화되었습니다
[05:45:58][29893] [NOTICE] 인스턴스가 비활성화되었습니다
[05:45:58][29899] [NOTICE] 인스턴스가 비활성화되었습니다
[05:47:47][MASTER] [NOTICE] MineJS를 활성화했습니다: 29970
[05:47:48][MASTER] [INFO] 최신 버전을 사용 중입니다. (0.0.0.1)
[05:47:49][MASTER] [NOTICE] IP 주소: 130.211.250.203
[05:47:49][30000] [NOTICE] 인스턴스가 시작되었습니다
[05:47:50][30006] [NOTICE] 인스턴스가 시작되었습니다
[05:47:50][30012] [NOTICE] 인스턴스가 시작되었습니다
[05:47:50][29987] [NOTICE] 인스턴스가 시작되었습니다
[05:47:50][30018] [NOTICE] 인스턴스가 시작되었습니다
[05:47:50][29992] [NOTICE] 인스턴스가 시작되었습니다
[05:47:50][29981] [NOTICE] 인스턴스가 시작되었습니다
[05:47:50][29994] [NOTICE] 인스턴스가 시작되었습니다
[05:47:50][MASTER] [NOTICE] 총 8개의 인스턴스가 활성화되었습니다.
/stop
[05:47:51][29981] [NOTICE] 인스턴스가 비활성화되었습니다
[05:47:51][29987] [NOTICE] 인스턴스가 비활성화되었습니다
[05:47:51][29994] [NOTICE] 인스턴스가 비활성화되었습니다
[05:47:51][30000] [NOTICE] 인스턴스가 비활성화되었습니다
[05:47:51][30018] [NOTICE] 인스턴스가 비활성화되었습니다
[05:47:53][MASTER] [NOTICE] MineJS를 활성화했습니다: 30041
[05:47:54][MASTER] [INFO] 최신 버전을 사용 중입니다. (0.0.0.1)
[05:47:54][MASTER] [NOTICE] IP 주소: 130.211.250.203
[05:47:55][30059] [NOTICE] 인스턴스가 시작되었습니다
[05:47:55][30071] [NOTICE] 인스턴스가 시작되었습니다
[05:47:55][30058] [NOTICE] 인스턴스가 시작되었습니다
[05:47:56][30083] [NOTICE] 인스턴스가 시작되었습니다
[05:47:56][30052] [NOTICE] 인스턴스가 시작되었습니다
[05:47:56][30065] [NOTICE] 인스턴스가 시작되었습니다
[05:47:56][30077] [NOTICE] 인스턴스가 시작되었습니다
[05:47:56][30089] [NOTICE] 인스턴스가 시작되었습니다
[05:47:56][MASTER] [NOTICE] 총 8개의 인스턴스가 활성화되었습니다.
/restart
[05:47:57][30052] [NOTICE] 인스턴스가 비활성화되었습니다
[05:47:57][30059] [NOTICE] 인스턴스가 비활성화되었습니다
[05:47:57][30065] [NOTICE] 인스턴스가 비활성화되었습니다
[05:47:57][30058] [NOTICE] 인스턴스가 비활성화되었습니다
[05:47:57][30071] [NOTICE] 인스턴스가 비활성화되었습니다
[05:47:57][30089] [NOTICE] 인스턴스가 비활성화되었습니다
[05:47:57][30083] [NOTICE] 인스턴스가 비활성화되었습니다
[05:47:57][30077] [NOTICE] 인스턴스가 비활성화되었습니다
[05:47:57][MASTER] [NOTICE] 총 8개의 인스턴스가 비활성화되었습니다.
[05:47:57][MASTER] [NOTICE] MineJS가 비활성화되었습니다
[05:47:57][MASTER] [NOTICE] MineJS를 활성화했습니다: 30041
[05:47:58][MASTER] [INFO] 최신 버전을 사용 중입니다. (0.0.0.1)
[05:47:59][MASTER] [NOTICE] IP 주소: 130.211.250.203
[05:48:00][30120] [NOTICE] 인스턴스가 시작되었습니다
[05:48:00][30120] [NOTICE] 인스턴스가 시작되었습니다
[05:48:00][30120] [NOTICE] 인스턴스가 시작되었습니다
[05:48:00][30120] [NOTICE] 인스턴스가 시작되었습니다
[05:48:00][30108] [NOTICE] 인스턴스가 시작되었습니다
[05:48:00][30108] [NOTICE] 인스턴스가 시작되었습니다
[05:48:00][30108] [NOTICE] 인스턴스가 시작되었습니다
[05:48:00][30108] [NOTICE] 인스턴스가 시작되었습니다
[05:48:00][30121] [NOTICE] 인스턴스가 시작되었습니다
[05:48:00][30121] [NOTICE] 인스턴스가 시작되었습니다
[05:48:00][30121] [NOTICE] 인스턴스가 시작되었습니다
[05:48:00][30121] [NOTICE] 인스턴스가 시작되었습니다
[05:48:00][30109] [NOTICE] 인스턴스가 시작되었습니다
[05:48:00][30109] [NOTICE] 인스턴스가 시작되었습니다
[05:48:00][30109] [NOTICE] 인스턴스가 시작되었습니다
[05:48:00][30109] [NOTICE] 인스턴스가 시작되었습니다
[05:48:00][MASTER] [NOTICE] 총 8개의 인스턴스가 활성화되었습니다.
[05:48:00][30127] [NOTICE] 인스턴스가 시작되었습니다
[05:48:00][30127] [NOTICE] 인스턴스가 시작되었습니다
[05:48:00][30127] [NOTICE] 인스턴스가 시작되었습니다
[05:48:00][30127] [NOTICE] 인스턴스가 시작되었습니다
[05:48:00][30133] [NOTICE] 인스턴스가 시작되었습니다
[05:48:00][30133] [NOTICE] 인스턴스가 시작되었습니다
[05:48:00][30133] [NOTICE] 인스턴스가 시작되었습니다
[05:48:00][30133] [NOTICE] 인스턴스가 시작되었습니다
[05:48:00][30139] [NOTICE] 인스턴스가 시작되었습니다
[05:48:00][30139] [NOTICE] 인스턴스가 시작되었습니다
[05:48:00][30139] [NOTICE] 인스턴스가 시작되었습니다
[05:48:00][30139] [NOTICE] 인스턴스가 시작되었습니다
[05:48:00][30145] [NOTICE] 인스턴스가 시작되었습니다
[05:48:00][30145] [NOTICE] 인스턴스가 시작되었습니다
[05:48:00][30145] [NOTICE] 인스턴스가 시작되었습니다
[05:48:00][30145] [NOTICE] 인스턴스가 시작되었습니다
[05:49:21][MASTER] [NOTICE] MineJS를 활성화했습니다: 30176
[05:49:21][MASTER] [INFO] 최신 버전을 사용 중입니다. (0.0.0.1)
[05:49:22][MASTER] [NOTICE] IP 주소: 130.211.250.203
[05:49:23][30188] [NOTICE] 인스턴스가 시작되었습니다
[05:49:23][30194] [NOTICE] 인스턴스가 시작되었습니다
[05:49:23][30200] [NOTICE] 인스턴스가 시작되었습니다
[05:49:23][30213] [NOTICE] 인스턴스가 시작되었습니다
[05:49:23][30206] [NOTICE] 인스턴스가 시작되었습니다
[05:49:23][30207] [NOTICE] 인스턴스가 시작되었습니다
[05:49:23][30219] [NOTICE] 인스턴스가 시작되었습니다
[05:49:23][30225] [NOTICE] 인스턴스가 시작되었습니다
[05:49:23][MASTER] [NOTICE] 총 8개의 인스턴스가 활성화되었습니다.
/restart
[05:49:25][30188] [NOTICE] 인스턴스가 비활성화되었습니다
[05:49:25][30194] [NOTICE] 인스턴스가 비활성화되었습니다
[05:49:25][30206] [NOTICE] 인스턴스가 비활성화되었습니다
[05:49:25][30200] [NOTICE] 인스턴스가 비활성화되었습니다
[05:49:25][30219] [NOTICE] 인스턴스가 비활성화되었습니다
[05:49:25][30207] [NOTICE] 인스턴스가 비활성화되었습니다
[05:49:25][30213] [NOTICE] 인스턴스가 비활성화되었습니다
[05:49:25][30225] [NOTICE] 인스턴스가 비활성화되었습니다
[05:49:25][MASTER] [NOTICE] 총 8개의 인스턴스가 비활성화되었습니다.
[05:49:25][MASTER] [NOTICE] MineJS가 비활성화되었습니다
[05:49:25][MASTER] [NOTICE] MineJS를 활성화했습니다: 30176
[05:49:25][MASTER] [INFO] 최신 버전을 사용 중입니다. (0.0.0.1)
[05:49:26][MASTER] [NOTICE] IP 주소: 130.211.250.203
[05:49:28][30256] [NOTICE] 인스턴스가 시작되었습니다
[05:49:28][30256] [NOTICE] 인스턴스가 시작되었습니다
[05:49:28][30256] [NOTICE] 인스턴스가 시작되었습니다
[05:49:28][30256] [NOTICE] 인스턴스가 시작되었습니다
[05:49:28][30245] [NOTICE] 인스턴스가 시작되었습니다
[05:49:28][30245] [NOTICE] 인스턴스가 시작되었습니다
[05:49:28][30245] [NOTICE] 인스턴스가 시작되었습니다
[05:49:28][30245] [NOTICE] 인스턴스가 시작되었습니다
[05:49:28][30244] [NOTICE] 인스턴스가 시작되었습니다
[05:49:28][30244] [NOTICE] 인스턴스가 시작되었습니다
[05:49:28][30244] [NOTICE] 인스턴스가 시작되었습니다
[05:49:28][30244] [NOTICE] 인스턴스가 시작되었습니다
[05:49:28][30262] [NOTICE] 인스턴스가 시작되었습니다
[05:49:28][30262] [NOTICE] 인스턴스가 시작되었습니다
[05:49:28][30262] [NOTICE] 인스턴스가 시작되었습니다
[05:49:28][30262] [NOTICE] 인스턴스가 시작되었습니다
[05:49:28][MASTER] [NOTICE] 총 8개의 인스턴스가 활성화되었습니다.
[05:49:28][30275] [NOTICE] 인스턴스가 시작되었습니다
[05:49:28][30275] [NOTICE] 인스턴스가 시작되었습니다
[05:49:28][30275] [NOTICE] 인스턴스가 시작되었습니다
[05:49:28][30275] [NOTICE] 인스턴스가 시작되었습니다
[05:49:28][30269] [NOTICE] 인스턴스가 시작되었습니다
[05:49:28][30269] [NOTICE] 인스턴스가 시작되었습니다
[05:49:28][30269] [NOTICE] 인스턴스가 시작되었습니다
[05:49:28][30269] [NOTICE] 인스턴스가 시작되었습니다
[05:49:28][30263] [NOTICE] 인스턴스가 시작되었습니다
[05:49:28][30263] [NOTICE] 인스턴스가 시작되었습니다
[05:49:28][30263] [NOTICE] 인스턴스가 시작되었습니다
[05:49:28][30263] [NOTICE] 인스턴스가 시작되었습니다
[05:49:28][30281] [NOTICE] 인스턴스가 시작되었습니다
[05:49:28][30281] [NOTICE] 인스턴스가 시작되었습니다
[05:49:28][30281] [NOTICE] 인스턴스가 시작되었습니다
[05:49:28][30281] [NOTICE] 인스턴스가 시작되었습니다
[05:55:18][MASTER] [NOTICE] MineJS를 활성화했습니다: 30379
[05:55:20][MASTER] [INFO] 이전 버전을 사용 중입니다. (0.0.1)
[05:55:20][MASTER] [INFO] /update 명령어로 업데이트 할 수 있습니다.
[05:55:21][MASTER] [NOTICE] IP 주소: 130.211.250.203
[05:55:22][30396] [NOTICE] 인스턴스가 시작되었습니다
[05:55:22][30409] [NOTICE] 인스턴스가 시작되었습니다
[05:55:22][30397] [NOTICE] 인스턴스가 시작되었습니다
[05:55:22][30426] [NOTICE] 인스턴스가 시작되었습니다
[05:55:22][30415] [NOTICE] 인스턴스가 시작되었습니다
[05:55:22][30403] [NOTICE] 인스턴스가 시작되었습니다
[05:55:22][30390] [NOTICE] 인스턴스가 시작되었습니다
[05:55:22][30427] [NOTICE] 인스턴스가 시작되었습니다
[05:55:22][MASTER] [NOTICE] 총 8개의 인스턴스가 활성화되었습니다.
/restart
[05:55:25][30390] [NOTICE] 인스턴스가 비활성화되었습니다
[05:55:25][30396] [NOTICE] 인스턴스가 비활성화되었습니다
[05:55:25][30397] [NOTICE] 인스턴스가 비활성화되었습니다
[05:55:25][30409] [NOTICE] 인스턴스가 비활성화되었습니다
[05:55:25][30403] [NOTICE] 인스턴스가 비활성화되었습니다
[05:55:25][30426] [NOTICE] 인스턴스가 비활성화되었습니다
[05:55:25][30415] [NOTICE] 인스턴스가 비활성화되었습니다
[05:55:25][30427] [NOTICE] 인스턴스가 비활성화되었습니다
[05:55:25][MASTER] [NOTICE] 총 8개의 인스턴스가 비활성화되었습니다.
[05:55:25][MASTER] [NOTICE] MineJS가 비활성화되었습니다
[05:55:25][MASTER] [NOTICE] MineJS를 활성화했습니다: 30379
[05:55:26][MASTER] [INFO] 이전 버전을 사용 중입니다. (0.0.1)
[05:55:26][MASTER] [INFO] /update 명령어로 업데이트 할 수 있습니다.
[05:55:27][MASTER] [NOTICE] IP 주소: 130.211.250.203
[05:55:29][30454] [NOTICE] 인스턴스가 시작되었습니다
[05:55:29][30454] [NOTICE] 인스턴스가 시작되었습니다
[05:55:29][30454] [NOTICE] 인스턴스가 시작되었습니다
[05:55:29][30454] [NOTICE] 인스턴스가 시작되었습니다
[05:55:29][30460] [NOTICE] 인스턴스가 시작되었습니다
[05:55:29][30460] [NOTICE] 인스턴스가 시작되었습니다
[05:55:29][30460] [NOTICE] 인스턴스가 시작되었습니다
[05:55:29][30460] [NOTICE] 인스턴스가 시작되었습니다
[05:55:29][30466] [NOTICE] 인스턴스가 시작되었습니다
[05:55:29][30466] [NOTICE] 인스턴스가 시작되었습니다
[05:55:29][30466] [NOTICE] 인스턴스가 시작되었습니다
[05:55:29][30466] [NOTICE] 인스턴스가 시작되었습니다
[05:55:29][30478] [NOTICE] 인스턴스가 시작되었습니다
[05:55:29][30478] [NOTICE] 인스턴스가 시작되었습니다
[05:55:29][30478] [NOTICE] 인스턴스가 시작되었습니다
[05:55:29][30478] [NOTICE] 인스턴스가 시작되었습니다
[05:55:29][MASTER] [NOTICE] 총 8개의 인스턴스가 활성화되었습니다.
[05:55:29][30484] [NOTICE] 인스턴스가 시작되었습니다
[05:55:29][30484] [NOTICE] 인스턴스가 시작되었습니다
[05:55:29][30484] [NOTICE] 인스턴스가 시작되었습니다
[05:55:29][30484] [NOTICE] 인스턴스가 시작되었습니다
[05:55:29][30453] [NOTICE] 인스턴스가 시작되었습니다
[05:55:29][30453] [NOTICE] 인스턴스가 시작되었습니다
[05:55:29][30453] [NOTICE] 인스턴스가 시작되었습니다
[05:55:29][30453] [NOTICE] 인스턴스가 시작되었습니다
[05:55:29][30490] [NOTICE] 인스턴스가 시작되었습니다
[05:55:29][30490] [NOTICE] 인스턴스가 시작되었습니다
[05:55:29][30490] [NOTICE] 인스턴스가 시작되었습니다
[05:55:29][30490] [NOTICE] 인스턴스가 시작되었습니다
[05:55:29][30472] [NOTICE] 인스턴스가 시작되었습니다
[05:55:29][30472] [NOTICE] 인스턴스가 시작되었습니다
[05:55:29][30472] [NOTICE] 인스턴스가 시작되었습니다
[05:55:29][30472] [NOTICE] 인스턴스가 시작되었습니다
/f[05:55:39][MASTER] [NOTICE] MineJS를 활성화했습니다: 30525
[05:55:40][MASTER] [INFO] 이전 버전을 사용 중입니다. (0.0.1)
[05:55:40][MASTER] [INFO] /update 명령어로 업데이트 할 수 있습니다.
[05:55:41][MASTER] [NOTICE] IP 주소: 130.211.250.203
[05:55:43][30536] [NOTICE] 인스턴스가 시작되었습니다
[05:55:43][30542] [NOTICE] 인스턴스가 시작되었습니다
[05:55:43][30561] [NOTICE] 인스턴스가 시작되었습니다
[05:55:43][30549] [NOTICE] 인스턴스가 시작되었습니다
[05:55:43][30573] [NOTICE] 인스턴스가 시작되었습니다
[05:55:43][30567] [NOTICE] 인스턴스가 시작되었습니다
[05:55:43][30543] [NOTICE] 인스턴스가 시작되었습니다
[05:55:43][30552] [NOTICE] 인스턴스가 시작되었습니다
[05:55:43][MASTER] [NOTICE] 총 8개의 인스턴스가 활성화되었습니다.
/restart
[05:55:49][30536] [NOTICE] 인스턴스가 비활성화되었습니다
[05:55:49][30542] [NOTICE] 인스턴스가 비활성화되었습니다
[05:55:49][30549] [NOTICE] 인스턴스가 비활성화되었습니다
[05:55:49][30543] [NOTICE] 인스턴스가 비활성화되었습니다
[05:55:49][30552] [NOTICE] 인스턴스가 비활성화되었습니다
[05:55:49][30573] [NOTICE] 인스턴스가 비활성화되었습니다
[05:55:49][30561] [NOTICE] 인스턴스가 비활성화되었습니다
[05:55:49][30567] [NOTICE] 인스턴스가 비활성화되었습니다
[05:55:49][MASTER] [NOTICE] 총 8개의 인스턴스가 비활성화되었습니다.
[05:55:49][MASTER] [NOTICE] MineJS가 비활성화되었습니다
